[Deoxys WARNING] 2025-12-29 15:47:54,490 - Robot state not received
[Deoxys WARNING] 2025-12-29 15:47:54,991 - Robot state not received
[Deoxys WARNING] 2025-12-29 15:47:55,492 - Robot state not received
[Deoxys WARNING] 2025-12-29 15:47:55,992 - Robot state not received
[Deoxys WARNING] 2025-12-29 15:47:56,493 - Robot state not received
[Deoxys WARNING] 2025-12-29 15:47:56,994 - Robot state not received
[Deoxys WARNING] 2025-12-29 15:47:57,495 - Robot state not received
[Deoxys WARNING] 2025-12-29 15:47:57,996 - Robot state not received
[Deoxys WARNING] 2025-12-29 15:47:58,496 - Robot state not received
[Deoxys WARNING] 2025-12-29 15:47:58,997 - Robot state not received
[Deoxys WARNING] 2025-12-29 15:47:59,498 - Robot state not received
[Deoxys WARNING] 2025-12-29 15:47:59,998 - Robot state not received
[Deoxys WARNING] 2025-12-29 15:48:00,499 - Robot state not received
[Deoxys WARNING] 2025-12-29 15:48:01,000 - Robot state not received
[Deoxys WARNING] 2025-12-29 15:48:01,500 - Robot state not received
[Deoxys WARNING] 2025-12-29 15:48:02,001 - Robot state not received
[Deoxys WARNING] 2025-12-29 15:49:19,224 - Robot state not received
[Deoxys WARNING] 2025-12-29 15:49:19,725 - Robot state not received
[Deoxys WARNING] 2025-12-29 15:49:20,226 - Robot state not received
[Deoxys WARNING] 2025-12-29 15:49:20,726 - Robot state not received
[Deoxys WARNING] 2025-12-29 15:49:21,227 - Robot state not received
[Deoxys WARNING] 2025-12-29 15:49:21,728 - Robot state not received
[Deoxys WARNING] 2025-12-29 15:49:22,229 - Robot state not received
[Deoxys WARNING] 2025-12-29 15:49:22,730 - Robot state not received
[Deoxys WARNING] 2025-12-29 15:49:23,230 - Robot state not received
[Deoxys WARNING] 2025-12-29 15:49:23,731 - Robot state not received
[Deoxys WARNING] 2025-12-29 15:49:24,231 - Robot state not received
[Deoxys WARNING] 2025-12-29 15:49:24,732 - Robot state not received
[Deoxys WARNING] 2025-12-29 15:49:25,233 - Robot state not received
[Deoxys WARNING] 2025-12-29 15:59:02,090 - Robot state not received
[Deoxys WARNING] 2025-12-29 15:59:02,591 - Robot state not received
[Deoxys WARNING] 2025-12-29 15:59:03,091 - Robot state not received
[Deoxys WARNING] 2025-12-29 15:59:03,592 - Robot state not received
[Deoxys WARNING] 2025-12-29 15:59:04,093 - Robot state not received
[Deoxys WARNING] 2025-12-29 15:59:04,594 - Robot state not received
[Deoxys WARNING] 2025-12-29 15:59:05,094 - Robot state not received
[Deoxys WARNING] 2025-12-29 15:59:05,595 - Robot state not received
[Deoxys WARNING] 2025-12-29 15:59:06,096 - Robot state not received
[Deoxys WARNING] 2025-12-29 16:18:15,738 - Robot state not received
[Deoxys WARNING] 2025-12-29 16:18:16,239 - Robot state not received
[Deoxys WARNING] 2025-12-29 16:18:16,739 - Robot state not received
[Deoxys WARNING] 2025-12-29 16:18:17,240 - Robot state not received
[Deoxys WARNING] 2025-12-29 16:18:17,741 - Robot state not received
[Deoxys WARNING] 2025-12-29 16:18:18,242 - Robot state not received
[Deoxys WARNING] 2025-12-29 16:18:18,743 - Robot state not received
[Deoxys WARNING] 2025-12-29 16:18:19,243 - Robot state not received
[Deoxys WARNING] 2025-12-29 16:18:19,744 - Robot state not received
[Deoxys WARNING] 2025-12-29 16:18:20,245 - Robot state not received
[Deoxys WARNING] 2025-12-29 16:18:20,746 - Robot state not received
[Deoxys WARNING] 2025-12-29 16:18:21,246 - Robot state not received
[Deoxys WARNING] 2025-12-29 16:18:21,747 - Robot state not received
[Deoxys WARNING] 2025-12-29 16:18:22,248 - Robot state not received
[Deoxys WARNING] 2025-12-29 16:18:22,749 - Robot state not received
[Deoxys WARNING] 2025-12-29 16:18:23,250 - Robot state not received
[Deoxys WARNING] 2025-12-29 16:18:23,750 - Robot state not received
[Deoxys WARNING] 2025-12-29 16:18:24,251 - Robot state not received
[Deoxys WARNING] 2025-12-29 16:19:36,466 - Robot state not received
[Deoxys WARNING] 2025-12-29 16:19:36,967 - Robot state not received
[Deoxys WARNING] 2025-12-29 16:19:37,467 - Robot state not received
[Deoxys WARNING] 2025-12-29 16:19:37,968 - Robot state not received
[Deoxys WARNING] 2025-12-29 16:19:38,469 - Robot state not received
[Deoxys WARNING] 2025-12-29 16:19:38,970 - Robot state not received
[Deoxys WARNING] 2025-12-29 16:19:39,471 - Robot state not received
[Deoxys WARNING] 2025-12-29 16:19:39,972 - Robot state not received
[Deoxys WARNING] 2025-12-29 16:19:40,472 - Robot state not received
[Deoxys WARNING] 2025-12-29 16:19:40,973 - Robot state not received
[Deoxys WARNING] 2025-12-29 16:19:41,474 - Robot state not received
[Deoxys WARNING] 2025-12-29 16:19:41,975 - Robot state not received
[Deoxys WARNING] 2025-12-29 16:19:42,475 - Robot state not received
[Deoxys WARNING] 2025-12-29 16:19:42,976 - Robot state not received
[Deoxys WARNING] 2025-12-29 16:19:43,477 - Robot state not received
[Deoxys WARNING] 2025-12-29 16:19:43,978 - Robot state not received
[Deoxys WARNING] 2025-12-29 16:19:44,478 - Robot state not received
[Deoxys WARNING] 2025-12-29 16:19:44,979 - Robot state not received
[Deoxys WARNING] 2025-12-29 16:19:45,480 - Robot state not received
[Deoxys WARNING] 2025-12-29 16:19:45,981 - Robot state not received
[Deoxys WARNING] 2025-12-29 16:19:46,481 - Robot state not received
[Deoxys WARNING] 2025-12-29 16:52:08,326 - Robot state not received
[Deoxys WARNING] 2025-12-29 16:52:08,826 - Robot state not received
[Deoxys WARNING] 2025-12-29 16:52:09,327 - Robot state not received
[Deoxys WARNING] 2025-12-29 16:52:09,828 - Robot state not received
[Deoxys WARNING] 2025-12-29 16:52:10,329 - Robot state not received
[Deoxys WARNING] 2025-12-29 16:52:10,829 - Robot state not received
[Deoxys WARNING] 2025-12-29 16:52:11,330 - Robot state not received
[Deoxys WARNING] 2025-12-29 16:52:11,831 - Robot state not received
[Deoxys WARNING] 2025-12-29 16:52:12,331 - Robot state not received
[Deoxys WARNING] 2025-12-29 16:52:12,832 - Robot state not received
[Deoxys WARNING] 2025-12-29 16:52:13,333 - Robot state not received
[Deoxys WARNING] 2025-12-29 16:52:13,834 - Robot state not received
[Deoxys WARNING] 2025-12-29 16:52:14,335 - Robot state not received
[Deoxys WARNING] 2025-12-29 16:52:14,835 - Robot state not received
[Deoxys WARNING] 2025-12-29 16:52:15,336 - Robot state not received
[Deoxys WARNING] 2025-12-29 16:52:15,837 - Robot state not received
[Deoxys WARNING] 2025-12-29 16:52:16,337 - Robot state not received
[Deoxys INFO] 2025-12-29 16:58:51,826 - Before conversion [3.13687968 0.52894818 0.24463244]
[Deoxys INFO] 2025-12-29 16:58:51,827 - After conversion [3.13687968 0.52894818 0.24463244]
[Deoxys INFO] 2025-12-29 16:58:51,827 - Axis angle action [0.05008431896567345, -0.1247677132487297, 0.3158569633960724]
[Deoxys INFO] 2025-12-29 16:58:52,832 - Axis angle action [0.05008622258901596, -0.12476933002471924, 0.31585636734962463]
[Deoxys INFO] 2025-12-29 16:58:52,832 - Axis angle action [0.05008622258901596, -0.12476933002471924, 0.31585636734962463]
[Deoxys INFO] 2025-12-29 16:58:52,883 - Axis angle action [0.05030006542801857, -0.12448684871196747, 0.31418728828430176]
[Deoxys INFO] 2025-12-29 16:58:52,933 - Axis angle action [0.05086912214756012, -0.1206163614988327, 0.30188247561454773]
[Deoxys INFO] 2025-12-29 16:58:52,983 - Axis angle action [0.05114361643791199, -0.11466538161039352, 0.28700512647628784]
[Deoxys INFO] 2025-12-29 16:58:53,033 - Axis angle action [0.0516451932489872, -0.1097198873758316, 0.2726239860057831]
[Deoxys INFO] 2025-12-29 16:58:53,083 - Axis angle action [0.052142392843961716, -0.10533889383077621, 0.2596052885055542]
[Deoxys INFO] 2025-12-29 16:58:53,133 - Axis angle action [0.052375972270965576, -0.10094448179006577, 0.24916966259479523]
[Deoxys INFO] 2025-12-29 16:58:53,184 - Axis angle action [0.05287787318229675, -0.09704502671957016, 0.23762604594230652]
[Deoxys INFO] 2025-12-29 16:58:53,234 - Axis angle action [0.053001757711172104, -0.0920926183462143, 0.22796115279197693]
[Deoxys INFO] 2025-12-29 16:58:53,284 - Axis angle action [0.05337436497211456, -0.08777080476284027, 0.21768513321876526]
[Deoxys INFO] 2025-12-29 16:58:53,334 - Axis angle action [0.05386433005332947, -0.08440159261226654, 0.20819933712482452]
[Deoxys INFO] 2025-12-29 16:58:53,384 - Axis angle action [0.054197538644075394, -0.08055681735277176, 0.19948312640190125]
[Deoxys INFO] 2025-12-29 16:58:53,434 - Axis angle action [0.054637882858514786, -0.07775209099054337, 0.19168691337108612]
[Deoxys INFO] 2025-12-29 16:58:53,484 - Axis angle action [0.05493498221039772, -0.07488851249217987, 0.18520204722881317]
[Deoxys INFO] 2025-12-29 16:58:53,534 - Axis angle action [0.05524915084242821, -0.07110504806041718, 0.17730799317359924]
[Deoxys INFO] 2025-12-29 16:58:53,584 - Axis angle action [0.055669210851192474, -0.06829297542572021, 0.17010022699832916]
[Deoxys INFO] 2025-12-29 16:58:53,634 - Axis angle action [0.05609893798828125, -0.0665278360247612, 0.16439421474933624]
[Deoxys INFO] 2025-12-29 16:58:53,684 - Axis angle action [0.05640396475791931, -0.06476842612028122, 0.1596480756998062]
[Deoxys INFO] 2025-12-29 16:58:53,734 - Axis angle action [0.05661526694893837, -0.06190688908100128, 0.1542052924633026]
[Deoxys INFO] 2025-12-29 16:58:53,784 - Axis angle action [0.05684942007064819, -0.060001518577337265, 0.14990170300006866]
[Deoxys INFO] 2025-12-29 16:58:53,834 - Axis angle action [0.057117220014333725, -0.05881252884864807, 0.14630606770515442]
[Deoxys INFO] 2025-12-29 16:58:53,884 - Axis angle action [0.05746724456548691, -0.05740610137581825, 0.14180053770542145]
[Deoxys INFO] 2025-12-29 16:58:53,935 - Axis angle action [0.05781771242618561, -0.05525948852300644, 0.13639292120933533]
[Deoxys INFO] 2025-12-29 16:58:53,985 - Axis angle action [0.05805056542158127, -0.0529208779335022, 0.1317548304796219]
[Deoxys INFO] 2025-12-29 16:58:54,035 - Axis angle action [0.05837336927652359, -0.0518404021859169, 0.1279691606760025]
[Deoxys INFO] 2025-12-29 16:58:54,085 - Axis angle action [0.0587490051984787, -0.05137529596686363, 0.12455341219902039]
[Deoxys INFO] 2025-12-29 16:58:54,135 - Axis angle action [0.059258755296468735, -0.05118070915341377, 0.12040988355875015]
[Deoxys INFO] 2025-12-29 16:58:54,185 - Axis angle action [0.05976312234997749, -0.051214516162872314, 0.11659643799066544]
[Deoxys INFO] 2025-12-29 16:58:54,235 - Axis angle action [0.06016692519187927, -0.051486238837242126, 0.11385513097047806]
[Deoxys INFO] 2025-12-29 16:58:54,286 - Axis angle action [0.06049706041812897, -0.051742468029260635, 0.11169057339429855]
[Deoxys INFO] 2025-12-29 16:58:54,336 - Axis angle action [0.06077466160058975, -0.05189892277121544, 0.10982625186443329]
[Deoxys INFO] 2025-12-29 16:58:54,386 - Axis angle action [0.06104395538568497, -0.0519765205681324, 0.10798650234937668]
[Deoxys INFO] 2025-12-29 16:58:54,436 - Axis angle action [0.06123584136366844, -0.05173221975564957, 0.10646792501211166]
[Deoxys INFO] 2025-12-29 16:58:54,486 - Axis angle action [0.06152575835585594, -0.05136202275753021, 0.10405244678258896]
[Deoxys INFO] 2025-12-29 16:58:54,536 - Axis angle action [0.061962440609931946, -0.05133316293358803, 0.10080087184906006]
[Deoxys INFO] 2025-12-29 16:58:54,586 - Axis angle action [0.06239112466573715, -0.05146186053752899, 0.0977228432893753]
[Deoxys INFO] 2025-12-29 16:58:54,636 - Axis angle action [0.06277915835380554, -0.051591891795396805, 0.09495410323143005]
[Deoxys INFO] 2025-12-29 16:58:54,686 - Axis angle action [0.06307382881641388, -0.05156566575169563, 0.09277394413948059]
[Deoxys WARNING] 2025-12-29 17:42:46,035 - Position not reached. Error: 0.011074062391752426
[Deoxys WARNING] 2025-12-29 17:42:46,035 - Rotation not reached. Error: 0.05885075405240059
[Deoxys WARNING] 2025-12-29 17:46:10,819 - Position not reached. Error: 0.004690993499156695
[Deoxys WARNING] 2025-12-29 17:46:10,819 - Rotation not reached. Error: 0.06262371689081192
[Deoxys WARNING] 2025-12-29 17:46:18,941 - Position not reached. Error: 0.010688144117382031
[Deoxys WARNING] 2025-12-29 17:46:18,942 - Rotation not reached. Error: 0.07591522485017776
[Deoxys WARNING] 2025-12-29 17:46:27,114 - Position not reached. Error: 0.004372127106174803
[Deoxys WARNING] 2025-12-29 17:46:42,906 - Position not reached. Error: 0.0045335354400620025
[Deoxys WARNING] 2025-12-29 17:46:55,535 - Position not reached. Error: 0.0241172743869991
[Deoxys WARNING] 2025-12-29 17:46:55,535 - Rotation not reached. Error: 0.37714487314224243
[Deoxys WARNING] 2025-12-29 17:51:11,408 - Position not reached. Error: 0.006070183421935541
[Deoxys WARNING] 2025-12-29 17:51:20,259 - Position not reached. Error: 0.021616479052563187
[Deoxys WARNING] 2025-12-29 17:51:20,259 - Rotation not reached. Error: 0.053174927830696106
[Deoxys WARNING] 2025-12-29 17:51:41,779 - Position not reached. Error: 0.00702715116091059
[Deoxys WARNING] 2025-12-29 17:51:57,872 - Position not reached. Error: 0.007857926210138148
[Deoxys WARNING] 2025-12-29 17:52:06,545 - Position not reached. Error: 0.013327009586458473
[Deoxys WARNING] 2025-12-29 17:52:28,556 - Position not reached. Error: 0.004054567195589213
[Deoxys WARNING] 2025-12-29 17:52:44,648 - Position not reached. Error: 0.006999041734369294
[Deoxys WARNING] 2025-12-29 17:52:53,070 - Position not reached. Error: 0.005013105747601936
[Deoxys WARNING] 2025-12-29 17:53:01,843 - Position not reached. Error: 0.02282372090207569
[Deoxys WARNING] 2025-12-29 17:53:01,843 - Rotation not reached. Error: 0.0655340626835823
[Deoxys WARNING] 2025-12-29 17:53:10,466 - Position not reached. Error: 0.017909632623999503
[Deoxys WARNING] 2025-12-29 17:53:48,369 - Position not reached. Error: 0.004643591799829437
[Deoxys WARNING] 2025-12-29 17:53:56,991 - Position not reached. Error: 0.00595013824530234
[Deoxys WARNING] 2025-12-29 17:54:05,364 - Position not reached. Error: 0.004286391186257985
[Deoxys WARNING] 2025-12-29 17:54:21,063 - Position not reached. Error: 0.007333071435491781
[Deoxys WARNING] 2025-12-29 17:54:35,002 - Position not reached. Error: 0.009702909540063963
[Deoxys WARNING] 2025-12-29 17:54:43,223 - Position not reached. Error: 0.005217816820841308
[Deoxys WARNING] 2025-12-29 17:54:58,915 - Position not reached. Error: 0.006423687359931019
[Deoxys WARNING] 2025-12-29 17:55:07,287 - Position not reached. Error: 0.0063194485318360544
[Deoxys WARNING] 2025-12-29 17:55:15,259 - Position not reached. Error: 0.01598347618841817
[Deoxys WARNING] 2025-12-29 17:55:38,523 - Position not reached. Error: 0.004612810538046753
[Deoxys WARNING] 2025-12-29 17:55:54,166 - Position not reached. Error: 0.004850616905544129
[Deoxys WARNING] 2025-12-29 17:56:10,960 - Position not reached. Error: 0.011434324449046346
[Deoxys WARNING] 2025-12-29 17:56:26,305 - Position not reached. Error: 0.019038271850782485
[Deoxys WARNING] 2025-12-29 17:56:26,305 - Rotation not reached. Error: 0.050829462707042694
[Deoxys WARNING] 2025-12-29 17:57:18,949 - Position not reached. Error: 0.0069918143247369195
[Deoxys WARNING] 2025-12-29 17:57:26,420 - Position not reached. Error: 0.006746627668541313
[Deoxys WARNING] 2025-12-29 17:57:33,640 - Position not reached. Error: 0.026000790236716715
[Deoxys WARNING] 2025-12-29 17:57:33,640 - Rotation not reached. Error: 0.05306742340326309
[Deoxys WARNING] 2025-12-29 19:48:43,297 - Position not reached. Error: 0.006504744367873912
[Deoxys WARNING] 2025-12-29 19:48:52,398 - Position not reached. Error: 0.011006117148899198
[Deoxys WARNING] 2025-12-29 19:49:01,429 - Position not reached. Error: 0.013338854219060028
[Deoxys WARNING] 2025-12-29 19:49:10,052 - Position not reached. Error: 0.010219401365934027
[Deoxys WARNING] 2025-12-29 19:49:18,674 - Position not reached. Error: 0.008409280498964876
[Deoxys WARNING] 2025-12-29 19:49:35,218 - Position not reached. Error: 0.017823317611498444
[Deoxys WARNING] 2025-12-29 19:49:35,218 - Rotation not reached. Error: 0.06168943643569946
[Deoxys WARNING] 2025-12-29 19:49:43,990 - Position not reached. Error: 0.011587248004005185
[Deoxys WARNING] 2025-12-29 19:49:52,912 - Position not reached. Error: 0.014167670151600168
[Deoxys WARNING] 2025-12-29 19:50:01,334 - Position not reached. Error: 0.008244092830280018
[Deoxys WARNING] 2025-12-29 19:50:18,427 - Position not reached. Error: 0.00911163516364837
[Deoxys WARNING] 2025-12-29 19:50:27,051 - Position not reached. Error: 0.007906957230026492
[Deoxys WARNING] 2025-12-29 19:50:36,023 - Position not reached. Error: 0.0127750123790481
[Deoxys WARNING] 2025-12-29 19:50:43,343 - Position not reached. Error: 0.00564048951617332
[Deoxys WARNING] 2025-12-29 19:50:51,565 - Position not reached. Error: 0.009586543805545437
[Deoxys WARNING] 2025-12-29 19:50:59,737 - Position not reached. Error: 0.0061882339285851
[Deoxys WARNING] 2025-12-29 19:51:14,228 - Position not reached. Error: 0.011492038400037706
[Deoxys WARNING] 2025-12-29 19:51:22,599 - Position not reached. Error: 0.009972135864619328
[Deoxys WARNING] 2025-12-29 19:51:30,871 - Position not reached. Error: 0.007293966266750923
[Deoxys WARNING] 2025-12-29 19:51:39,542 - Position not reached. Error: 0.010264924767589187
[Deoxys WARNING] 2025-12-29 19:51:39,542 - Rotation not reached. Error: 0.056726839393377304
[Deoxys WARNING] 2025-12-29 19:51:48,464 - Position not reached. Error: 0.014430808375850058
[Deoxys WARNING] 2025-12-29 19:51:48,464 - Rotation not reached. Error: 0.058878395706415176
[Deoxys WARNING] 2025-12-29 19:51:57,287 - Position not reached. Error: 0.008691639257415368
[Deoxys WARNING] 2025-12-29 19:52:06,159 - Position not reached. Error: 0.01049296130840585
[Deoxys WARNING] 2025-12-29 19:52:14,681 - Position not reached. Error: 0.007677146832215209
[Deoxys WARNING] 2025-12-29 19:52:22,852 - Position not reached. Error: 0.026399373980563412
[Deoxys WARNING] 2025-12-29 19:52:22,852 - Rotation not reached. Error: 0.05232442915439606
[Deoxys WARNING] 2025-12-29 19:52:31,424 - Position not reached. Error: 0.01737067587055574
[Deoxys WARNING] 2025-12-29 19:52:39,947 - Position not reached. Error: 0.005806336434279997
[Deoxys WARNING] 2025-12-29 19:52:48,368 - Position not reached. Error: 0.011701580336248532
[Deoxys WARNING] 2025-12-29 19:52:56,940 - Position not reached. Error: 0.017507790117427875
[Deoxys WARNING] 2025-12-29 19:52:56,941 - Rotation not reached. Error: 0.05163624882698059
[Deoxys WARNING] 2025-12-29 19:53:05,514 - Position not reached. Error: 0.004058965410444981
[Deoxys WARNING] 2025-12-29 19:53:13,885 - Position not reached. Error: 0.00930293920824347
[Deoxys WARNING] 2025-12-29 19:53:22,307 - Position not reached. Error: 0.010217395784633177
[Deoxys WARNING] 2025-12-29 19:53:31,380 - Position not reached. Error: 0.01444640091344897
[Deoxys WARNING] 2025-12-29 19:53:31,380 - Rotation not reached. Error: 0.05887004733085632
[Deoxys WARNING] 2025-12-29 19:53:40,153 - Position not reached. Error: 0.005029140767061134
[Deoxys WARNING] 2025-12-29 19:53:48,574 - Position not reached. Error: 0.005592787531516575
[Deoxys WARNING] 2025-12-29 19:53:58,047 - Position not reached. Error: 0.010649097311962464
[Deoxys WARNING] 2025-12-29 19:54:06,669 - Position not reached. Error: 0.009171810116826485
[Deoxys WARNING] 2025-12-29 19:54:15,441 - Position not reached. Error: 0.0918677074138541
[Deoxys WARNING] 2025-12-29 19:54:15,441 - Rotation not reached. Error: 0.17987383902072906
[Deoxys WARNING] 2025-12-29 19:54:24,063 - Position not reached. Error: 0.011802563227924608
[Deoxys WARNING] 2025-12-29 19:54:32,585 - Position not reached. Error: 0.05563046385556966
[Deoxys WARNING] 2025-12-29 19:54:32,585 - Rotation not reached. Error: 0.158718541264534
[Deoxys WARNING] 2025-12-29 19:54:41,156 - Position not reached. Error: 0.008594462440795007
[Deoxys WARNING] 2025-12-29 19:54:49,527 - Position not reached. Error: 0.006851282794844357
[Deoxys WARNING] 2025-12-29 19:54:58,100 - Position not reached. Error: 0.018484583877060173
[Deoxys WARNING] 2025-12-29 19:54:58,101 - Rotation not reached. Error: 0.09711138904094696
[Deoxys WARNING] 2025-12-29 19:55:07,324 - Position not reached. Error: 0.04001667643548287
[Deoxys WARNING] 2025-12-29 19:55:07,324 - Rotation not reached. Error: 0.16568110883235931
[Deoxys WARNING] 2025-12-29 19:55:15,796 - Position not reached. Error: 0.021448218617374375
[Deoxys WARNING] 2025-12-29 19:55:15,796 - Rotation not reached. Error: 0.1132790595293045
[Deoxys WARNING] 2025-12-29 19:55:24,719 - Position not reached. Error: 0.007412615359959931
[Deoxys WARNING] 2025-12-29 19:55:32,989 - Position not reached. Error: 0.01766422397260689
[Deoxys WARNING] 2025-12-29 19:55:32,989 - Rotation not reached. Error: 0.060225315392017365
[Deoxys WARNING] 2025-12-29 19:55:41,763 - Position not reached. Error: 0.008168663414574917
[Deoxys WARNING] 2025-12-29 20:04:23,520 - Position not reached. Error: 0.0077730022485599255
[Deoxys WARNING] 2025-12-29 20:04:31,171 - Position not reached. Error: 0.006911386287703425
[Deoxys WARNING] 2025-12-29 20:04:46,575 - Position not reached. Error: 0.0076308702083527635
[Deoxys WARNING] 2025-12-29 20:04:55,398 - Position not reached. Error: 0.009659247133462246
[Deoxys WARNING] 2025-12-29 20:05:03,822 - Position not reached. Error: 0.010953785291304521
[Deoxys WARNING] 2025-12-29 20:05:11,743 - Position not reached. Error: 0.004499842461390667
[Deoxys WARNING] 2025-12-29 20:05:27,285 - Position not reached. Error: 0.01595105406122945
[Deoxys WARNING] 2025-12-29 20:05:27,286 - Rotation not reached. Error: 0.050856828689575195
[Deoxys WARNING] 2025-12-29 20:05:36,008 - Position not reached. Error: 0.009133241723922485
[Deoxys WARNING] 2025-12-29 20:05:36,008 - Rotation not reached. Error: 0.05451548472046852
[Deoxys WARNING] 2025-12-29 20:05:44,429 - Position not reached. Error: 0.0040957438433566855
[Deoxys WARNING] 2025-12-29 20:05:59,820 - Position not reached. Error: 0.007069078424491207
[Deoxys WARNING] 2025-12-29 20:06:16,864 - Position not reached. Error: 0.006365571837397779
[Deoxys WARNING] 2025-12-29 20:06:25,286 - Position not reached. Error: 0.013352258408839465
[Deoxys WARNING] 2025-12-29 20:06:40,479 - Position not reached. Error: 0.00680168847202109
[Deoxys WARNING] 2025-12-29 20:06:48,800 - Position not reached. Error: 0.0051975440295226015
[Deoxys WARNING] 2025-12-29 20:06:56,922 - Position not reached. Error: 0.006401565991692805
[Deoxys WARNING] 2025-12-29 20:07:03,992 - Position not reached. Error: 0.004211485099710001
[Deoxys WARNING] 2025-12-29 20:07:12,513 - Position not reached. Error: 0.004665463333487291
[Deoxys WARNING] 2025-12-29 20:07:19,433 - Position not reached. Error: 0.004274367320486829
[Deoxys WARNING] 2025-12-29 20:07:27,754 - Position not reached. Error: 0.008589402683119265
[Deoxys WARNING] 2025-12-29 20:08:05,355 - Position not reached. Error: 0.00986356520753659
[Deoxys WARNING] 2025-12-29 20:08:13,677 - Position not reached. Error: 0.009089029115289513
[Deoxys WARNING] 2025-12-29 20:08:29,019 - Position not reached. Error: 0.006915798517316603
[Deoxys WARNING] 2025-12-29 20:08:44,460 - Position not reached. Error: 0.010740801895736988
[Deoxys WARNING] 2025-12-29 20:08:59,802 - Position not reached. Error: 0.004685309847267753
[Deoxys WARNING] 2025-12-29 20:09:08,325 - Position not reached. Error: 0.006389105908188326
[Deoxys WARNING] 2025-12-29 20:09:16,796 - Position not reached. Error: 0.004307584509806665
[Deoxys WARNING] 2025-12-29 20:09:25,116 - Position not reached. Error: 0.004753430680211544
[Deoxys WARNING] 2025-12-29 20:09:41,559 - Position not reached. Error: 0.01141250839140002
[Deoxys WARNING] 2025-12-29 20:10:20,211 - Position not reached. Error: 0.012043222808640997
[Deoxys WARNING] 2025-12-29 20:10:28,283 - Position not reached. Error: 0.006159813922716125
[Deoxys WARNING] 2025-12-29 20:10:36,905 - Position not reached. Error: 0.005681070402267356
[Deoxys WARNING] 2025-12-29 20:10:44,676 - Position not reached. Error: 0.00529381848280082
